{"name": "test_div_int[12-999999-0.0]", "status": "failed", "statusDetails": {"message": "AssertionError: assert 1.2000012000012e-05 == 0.0\n +  where 1.2000012000012e-05 = div(12, 999999)", "trace": "in1 = 12, in2 = 999999, out = 0.0\n\n    @pytest.mark.parametrize(\"in1,in2,out\",\n                                 [(11, 1, 11),\n                                  (12, 2, 6),\n                                  (12, 999999, 0.00)\n                                  ])\n    def test_div_int(in1, in2, out):\n>       assert div(in1, in2) == out\nE       assert 1.2000012000012e-05 == 0.0\nE        +  where 1.2000012000012e-05 = div(12, 999999)\n\nunit\\test_demo2.py:12: AssertionError"}, "parameters": [{"name": "in1", "value": "12"}, {"name": "in2", "value": "999999"}, {"name": "out", "value": "0.0"}], "start": 1577435411839, "stop": 1577435411839, "uuid": "2edb67fa-080c-4d3a-87a9-71a0f7cc2123", "historyId": "0ef32220908a5e71ef88c4bbb2635ad1", "testCaseId": "a99cd04234f49c23bafddc738ced5bae", "fullName": "unit.test_demo2#test_div_int", "labels": [{"name": "parentSuite", "value": "unit"}, {"name": "suite", "value": "test_demo2"}, {"name": "host", "value": "PC-201810300854"}, {"name": "thread", "value": "10776-MainThread"}, {"name": "framework", "value": "pytest"}, {"name": "language", "value": "cpython3"}, {"name": "package", "value": "unit.test_demo2"}]}