{"name": "test_div_float[0.01-2-0.01]", "status": "failed", "statusDetails": {"message": "AssertionError: assert 0.005 == 0.01\n +  where 0.005 = div(0.01, 2)", "trace": "self = <unit.test_demo.TestDemo object at 0x04292E50>, in1 = 0.01, in2 = 2, out = 0.01\n\n    @pytest.mark.parametrize(\"in1,in2,out\",\n                             [(2, 0.01, 200),\n                              (10.5, 2, 5.25),\n                              (10, 3, 3.33),\n                              (0.01, 2, 0.01)\n                              ])\n    def test_div_float(self, in1, in2, out):\n        \"\"\"\n        浮点型，预期结果保留两位小数\n        :param in1:除数\n        :param in2:被除数\n        :param out:预期结果\n        :return:\n        \"\"\"\n>       assert div(in1, in2) == out\nE       assert 0.005 == 0.01\nE        +  where 0.005 = div(0.01, 2)\n\nunit\\test_demo.py:33: AssertionError"}, "description": "\n        浮点型，预期结果保留两位小数\n        :param in1:除数\n        :param in2:被除数\n        :param out:预期结果\n        :return:\n        ", "parameters": [{"name": "in1", "value": "0.01"}, {"name": "in2", "value": "2"}, {"name": "out", "value": "0.01"}], "start": 1577183802141, "stop": 1577183802141, "uuid": "1be280d8-b60c-44b3-b9b8-4ac70d52c6dd", "historyId": "400ccbc237b9fca17cec905e7079642f", "testCaseId": "eac1d7c182424d53bfa3c95f37dce4fe", "fullName": "unit.test_demo.TestDemo#test_div_float", "labels": [{"name": "parentSuite", "value": "unit"}, {"name": "suite", "value": "test_demo"}, {"name": "subSuite", "value": "TestDemo"}, {"name": "host", "value": "PC-201810300854"}, {"name": "thread", "value": "12204-MainThread"}, {"name": "framework", "value": "pytest"}, {"name": "language", "value": "cpython3"}, {"name": "package", "value": "unit.test_demo"}]}