{"name": "test_div_int[1-999999-0.0]", "status": "failed", "statusDetails": {"message": "AssertionError: assert 1.000001000001e-06 == 0.0\n +  where 1.000001000001e-06 = div(1, 999999)", "trace": "self = <unit.test_demo.TestDemo object at 0x041FF570>, in1 = 1, in2 = 999999, out = 0.0\n\n    @pytest.mark.parametrize(\"in1,in2,out\",\n                             [(10, 5, 2),\n                              (999999, 1, 999999),\n                              (1, 999999, 0.00),\n                              (0, 2, 0)\n                              ])\n    def test_div_int(self, in1, in2, out):\n>       assert div(in1, in2) == out\nE       assert 1.000001000001e-06 == 0.0\nE        +  where 1.000001000001e-06 = div(1, 999999)\n\nunit\\test_demo.py:17: AssertionError"}, "parameters": [{"name": "in1", "value": "1"}, {"name": "in2", "value": "999999"}, {"name": "out", "value": "0.0"}], "start": 1577183802069, "stop": 1577183802070, "uuid": "88eee06a-1971-405d-a437-270b53410941", "historyId": "619011adbb0ce06ed7ac69d3d5af1af9", "testCaseId": "a5049cf291ab6af817373bfd8b2356c2", "fullName": "unit.test_demo.TestDemo#test_div_int", "labels": [{"name": "parentSuite", "value": "unit"}, {"name": "suite", "value": "test_demo"}, {"name": "subSuite", "value": "TestDemo"}, {"name": "host", "value": "PC-201810300854"}, {"name": "thread", "value": "12204-MainThread"}, {"name": "framework", "value": "pytest"}, {"name": "language", "value": "cpython3"}, {"name": "package", "value": "unit.test_demo"}]}